[2026-05-14T12:44:49.292+0000] {local_task_job_runner.py:120} INFO - ::group::Pre task execution logs
[2026-05-14T12:44:49.374+0000] {taskinstance.py:2076} INFO - Dependencies all met for dep_context=non-requeueable deps ti=<TaskInstance: egypt_jobs_pipeline.load_to_snowflake manual__2026-05-14T10:49:05.963193+00:00 [queued]>
[2026-05-14T12:44:49.394+0000] {taskinstance.py:2076} INFO - Dependencies all met for dep_context=requeueable deps ti=<TaskInstance: egypt_jobs_pipeline.load_to_snowflake manual__2026-05-14T10:49:05.963193+00:00 [queued]>
[2026-05-14T12:44:49.395+0000] {taskinstance.py:2306} INFO - Starting attempt 1 of 3
[2026-05-14T12:44:49.423+0000] {taskinstance.py:2330} INFO - Executing <Task(PythonOperator): load_to_snowflake> on 2026-05-14 10:49:05.963193+00:00
[2026-05-14T12:44:49.433+0000] {standard_task_runner.py:63} INFO - Started process 501 to run task
[2026-05-14T12:44:49.442+0000] {standard_task_runner.py:90} INFO - Running: ['***', 'tasks', 'run', 'egypt_jobs_pipeline', 'load_to_snowflake', 'manual__2026-05-14T10:49:05.963193+00:00', '--job-id', '29', '--raw', '--subdir', 'DAGS_FOLDER/egypt_jobs_pipeline.py', '--cfg-path', '/tmp/tmphkn3u34u']
[2026-05-14T12:44:49.447+0000] {standard_task_runner.py:91} INFO - Job 29: Subtask load_to_snowflake
[2026-05-14T12:44:49.547+0000] {task_command.py:426} INFO - Running <TaskInstance: egypt_jobs_pipeline.load_to_snowflake manual__2026-05-14T10:49:05.963193+00:00 [running]> on host f6632be07a8e
[2026-05-14T12:44:49.708+0000] {taskinstance.py:2648} INFO - Exporting env vars: AIRFLOW_CTX_DAG_OWNER='sama' AIRFLOW_CTX_DAG_ID='egypt_jobs_pipeline' AIRFLOW_CTX_TASK_ID='load_to_snowflake' AIRFLOW_CTX_EXECUTION_DATE='2026-05-14T10:49:05.963193+00:00' AIRFLOW_CTX_TRY_NUMBER='1' AIRFLOW_CTX_DAG_RUN_ID='manual__2026-05-14T10:49:05.963193+00:00'
[2026-05-14T12:44:49.709+0000] {taskinstance.py:430} INFO - ::endgroup::
[2026-05-14T12:44:51.405+0000] {load.py:252} INFO - =======================================================
[2026-05-14T12:44:51.406+0000] {load.py:253} INFO - SNOWFLAKE LOAD STARTED
[2026-05-14T12:44:51.407+0000] {load.py:254} INFO - =======================================================
[2026-05-14T12:44:51.408+0000] {load.py:103} INFO - Reading Parquet from /opt/***/project/data/processed/jobs_cleaned.parquet
[2026-05-14T12:44:51.465+0000] {load.py:122} INFO - Loaded 137 rows, 14 columns
[2026-05-14T12:44:51.466+0000] {load.py:88} INFO - Connecting to Snowflake: jsgtohn-dcb76328
[2026-05-14T12:44:51.468+0000] {connection.py:399} INFO - Snowflake Connector for Python Version: 3.10.1, Python Version: 3.11.9, Platform: Linux-6.6.87.2-microsoft-standard-WSL2-x86_64-with-glibc2.36
[2026-05-14T12:44:51.469+0000] {connection.py:1239} INFO - This connection is in OCSP Fail Open Mode. TLS Certificates would be checked for validity and revocation status. Any other Certificate Revocation related exceptions or OCSP Responder failures would be disregarded in favor of connectivity.
[2026-05-14T12:44:53.274+0000] {load.py:90} INFO - Connected ✅
[2026-05-14T12:44:53.832+0000] {cursor.py:1149} INFO - Number of results in first chunk: 1
[2026-05-14T12:44:54.296+0000] {cursor.py:1149} INFO - Number of results in first chunk: 1
[2026-05-14T12:44:54.614+0000] {cursor.py:1149} INFO - Number of results in first chunk: 1
[2026-05-14T12:44:54.616+0000] {load.py:145} INFO - Dropping old staging table if exists...
[2026-05-14T12:44:55.057+0000] {cursor.py:1149} INFO - Number of results in first chunk: 1
[2026-05-14T12:44:55.058+0000] {load.py:149} INFO - Writing 137 rows to staging table...
[2026-05-14T12:44:55.689+0000] {cursor.py:1149} INFO - Number of results in first chunk: 1
[2026-05-14T12:44:58.150+0000] {cursor.py:1149} INFO - Number of results in first chunk: 1
[2026-05-14T12:44:59.283+0000] {cursor.py:1149} INFO - Number of results in first chunk: 14
[2026-05-14T12:44:59.792+0000] {cursor.py:1149} INFO - Number of results in first chunk: 1
[2026-05-14T12:45:03.286+0000] {cursor.py:1149} INFO - Number of results in first chunk: 1
[2026-05-14T12:45:03.910+0000] {cursor.py:1149} INFO - Number of results in first chunk: 1
[2026-05-14T12:45:04.533+0000] {cursor.py:1149} INFO - Number of results in first chunk: 1
[2026-05-14T12:45:04.534+0000] {load.py:162} INFO - Staging table loaded: 137 rows
[2026-05-14T12:45:05.100+0000] {cursor.py:1149} INFO - Number of results in first chunk: 1
[2026-05-14T12:45:05.101+0000] {load.py:167} INFO - Staging table row count: 137
[2026-05-14T12:45:05.101+0000] {load.py:204} INFO - Running MERGE...
[2026-05-14T12:45:06.152+0000] {load.py:207} INFO - MERGE complete — 137 rows affected
[2026-05-14T12:45:06.890+0000] {cursor.py:1149} INFO - Number of results in first chunk: 1
[2026-05-14T12:45:06.892+0000] {load.py:211} INFO - Staging table dropped
[2026-05-14T12:45:07.367+0000] {cursor.py:1149} INFO - Number of results in first chunk: 1
[2026-05-14T12:45:07.369+0000] {load.py:216} INFO - Total rows in raw_jobs: 668
[2026-05-14T12:45:07.371+0000] {connection.py:762} INFO - closed
[2026-05-14T12:45:07.657+0000] {connection.py:768} INFO - No async queries seem to be running, deleting session
[2026-05-14T12:45:07.958+0000] {load.py:264} INFO - Snowflake connection closed
[2026-05-14T12:45:07.961+0000] {load.py:266} INFO - =======================================================
[2026-05-14T12:45:07.962+0000] {load.py:267} INFO - SNOWFLAKE LOAD COMPLETE
[2026-05-14T12:45:07.963+0000] {load.py:268} INFO -   Rows affected : 137
[2026-05-14T12:45:07.965+0000] {load.py:269} INFO -   Total in table: 668
[2026-05-14T12:45:07.966+0000] {load.py:270} INFO - =======================================================
[2026-05-14T12:45:08.006+0000] {logging_mixin.py:188} INFO - ✔ Snowflake load complete
[2026-05-14T12:45:08.007+0000] {logging_mixin.py:188} INFO -   Rows affected : 137
[2026-05-14T12:45:08.007+0000] {logging_mixin.py:188} INFO -   Total in table: 668
[2026-05-14T12:45:08.008+0000] {python.py:237} INFO - Done. Returned value was: {'rows_affected': 137, 'total_in_table': 668}
[2026-05-14T12:45:08.009+0000] {taskinstance.py:441} INFO - ::group::Post task execution logs
[2026-05-14T12:45:08.028+0000] {taskinstance.py:1206} INFO - Marking task as SUCCESS. dag_id=egypt_jobs_pipeline, task_id=load_to_snowflake, run_id=manual__2026-05-14T10:49:05.963193+00:00, execution_date=20260514T104905, start_date=20260514T124449, end_date=20260514T124508
[2026-05-14T12:45:08.100+0000] {local_task_job_runner.py:240} INFO - Task exited with return code 0
[2026-05-14T12:45:08.109+0000] {local_task_job_runner.py:222} INFO - ::endgroup::
