[2026-05-14T15:04:14.496+0000] {local_task_job_runner.py:120} INFO - ::group::Pre task execution logs
[2026-05-14T15:04:14.641+0000] {taskinstance.py:2076} INFO - Dependencies all met for dep_context=non-requeueable deps ti=<TaskInstance: egypt_jobs_pipeline.run_dbt manual__2026-05-14T10:49:05.963193+00:00 [queued]>
[2026-05-14T15:04:14.664+0000] {taskinstance.py:2076} INFO - Dependencies all met for dep_context=requeueable deps ti=<TaskInstance: egypt_jobs_pipeline.run_dbt manual__2026-05-14T10:49:05.963193+00:00 [queued]>
[2026-05-14T15:04:14.666+0000] {taskinstance.py:2306} INFO - Starting attempt 2 of 4
[2026-05-14T15:04:14.709+0000] {taskinstance.py:2330} INFO - Executing <Task(PythonOperator): run_dbt> on 2026-05-14 10:49:05.963193+00:00
[2026-05-14T15:04:14.722+0000] {standard_task_runner.py:63} INFO - Started process 1941 to run task
[2026-05-14T15:04:14.731+0000] {standard_task_runner.py:90} INFO - Running: ['***', 'tasks', 'run', 'egypt_jobs_pipeline', 'run_dbt', 'manual__2026-05-14T10:49:05.963193+00:00', '--job-id', '31', '--raw', '--subdir', 'DAGS_FOLDER/egypt_jobs_pipeline.py', '--cfg-path', '/tmp/tmp5s2fbevh']
[2026-05-14T15:04:14.737+0000] {standard_task_runner.py:91} INFO - Job 31: Subtask run_dbt
[2026-05-14T15:04:14.815+0000] {task_command.py:426} INFO - Running <TaskInstance: egypt_jobs_pipeline.run_dbt manual__2026-05-14T10:49:05.963193+00:00 [running]> on host f6632be07a8e
[2026-05-14T15:04:15.026+0000] {taskinstance.py:2648} INFO - Exporting env vars: AIRFLOW_CTX_DAG_OWNER='sama' AIRFLOW_CTX_DAG_ID='egypt_jobs_pipeline' AIRFLOW_CTX_TASK_ID='run_dbt' AIRFLOW_CTX_EXECUTION_DATE='2026-05-14T10:49:05.963193+00:00' AIRFLOW_CTX_TRY_NUMBER='2' AIRFLOW_CTX_DAG_RUN_ID='manual__2026-05-14T10:49:05.963193+00:00'
[2026-05-14T15:04:15.028+0000] {taskinstance.py:430} INFO - ::endgroup::
[2026-05-14T15:04:15.083+0000] {logging_mixin.py:188} INFO - Running dbt models...
[2026-05-14T15:04:53.891+0000] {logging_mixin.py:188} INFO - 15:04:18  Running with dbt=1.8.0
15:04:21  Registered adapter: snowflake=1.8.0
15:04:23  Found 9 models, 48 data tests, 1 source, 574 macros
15:04:23  
15:04:29  Concurrency: 4 threads (target='dev')
15:04:29  
15:04:29  1 of 9 START sql incremental model staging_staging.stg_jobs .................... [RUN]
15:04:38  1 of 9 OK created sql incremental model staging_staging.stg_jobs ............... [SUCCESS 0 in 9.38s]
15:04:38  2 of 9 START sql table model staging_marts.dim_company ......................... [RUN]
15:04:38  4 of 9 START sql table model staging_marts.dim_job ............................. [RUN]
15:04:38  3 of 9 START sql table model staging_marts.dim_date ............................ [RUN]
15:04:38  5 of 9 START sql table model staging_marts.dim_location ........................ [RUN]
15:04:42  5 of 9 OK created sql table model staging_marts.dim_location ................... [SUCCESS 1 in 3.84s]
15:04:42  3 of 9 OK created sql table model staging_marts.dim_date ....................... [SUCCESS 1 in 3.85s]
15:04:42  6 of 9 START sql table model staging_marts.dim_skills .......................... [RUN]
15:04:42  2 of 9 OK created sql table model staging_marts.dim_company .................... [SUCCESS 1 in 4.08s]
15:04:42  4 of 9 OK created sql table model staging_marts.dim_job ........................ [SUCCESS 1 in 4.08s]
15:04:42  7 of 9 START sql table model staging_marts.fact_jobs ........................... [RUN]
15:04:45  6 of 9 OK created sql table model staging_marts.dim_skills ..................... [SUCCESS 1 in 3.02s]
15:04:45  8 of 9 START sql table model staging_marts.bridge_job_skills ................... [RUN]
15:04:46  7 of 9 OK created sql table model staging_marts.fact_jobs ...................... [SUCCESS 1 in 3.36s]
15:04:49  8 of 9 OK created sql table model staging_marts.bridge_job_skills .............. [SUCCESS 1 in 3.33s]
15:04:49  9 of 9 START sql table model staging_marts.mart_job_metrics .................... [RUN]
15:04:52  9 of 9 OK created sql table model staging_marts.mart_job_metrics ............... [SUCCESS 1 in 3.02s]
15:04:52  
15:04:52  Finished running 1 incremental model, 8 table models in 0 hours 0 minutes and 28.42 seconds (28.42s).
15:04:52  
15:04:52  Completed successfully
15:04:52  
15:04:52  Done. PASS=9 WARN=0 ERROR=0 SKIP=0 TOTAL=9
[2026-05-14T15:04:53.891+0000] {logging_mixin.py:188} INFO - Running dbt tests...
[2026-05-14T15:05:31.915+0000] {logging_mixin.py:188} INFO - 15:04:56  Running with dbt=1.8.0
15:04:57  Registered adapter: snowflake=1.8.0
15:04:59  Found 9 models, 48 data tests, 1 source, 574 macros
15:04:59  
15:05:02  Concurrency: 4 threads (target='dev')
15:05:02  
15:05:02  1 of 48 START test accepted_values_dim_company_company_type__MNC__Corporate__Startup__Government__Unknown  [RUN]
15:05:02  2 of 48 START test accepted_values_dim_job_experience_level__junior__mid__senior__executive  [RUN]
15:05:02  3 of 48 START test accepted_values_mart_job_metrics_demand_category__High_Demand__Medium_Demand__Niche  [RUN]
15:05:02  4 of 48 START test accepted_values_stg_jobs_company_type__MNC__Corporate__Startup__Government__Unknown  [RUN]
15:05:05  4 of 48 PASS accepted_values_stg_jobs_company_type__MNC__Corporate__Startup__Government__Unknown  [PASS in 2.62s]
15:05:05  5 of 48 START test accepted_values_stg_jobs_experience_level__junior__mid__senior__executive  [RUN]
15:05:05  3 of 48 PASS accepted_values_mart_job_metrics_demand_category__High_Demand__Medium_Demand__Niche  [PASS in 3.17s]
15:05:05  2 of 48 PASS accepted_values_dim_job_experience_level__junior__mid__senior__executive  [PASS in 3.18s]
15:05:05  1 of 48 PASS accepted_values_dim_company_company_type__MNC__Corporate__Startup__Government__Unknown  [PASS in 3.18s]
15:05:05  6 of 48 START test accepted_values_stg_jobs_work_type__On_site__Hybrid__Remote . [RUN]
15:05:05  7 of 48 START test not_null_bridge_job_skills_job_id ........................... [RUN]
15:05:05  8 of 48 START test not_null_bridge_job_skills_skill_id ......................... [RUN]
15:05:07  5 of 48 PASS accepted_values_stg_jobs_experience_level__junior__mid__senior__executive  [PASS in 2.27s]
15:05:07  9 of 48 START test not_null_dim_company_company_id ............................. [RUN]
15:05:08  6 of 48 PASS accepted_values_stg_jobs_work_type__On_site__Hybrid__Remote ....... [PASS in 2.20s]
15:05:08  10 of 48 START test not_null_dim_company_company_name .......................... [RUN]
15:05:08  7 of 48 PASS not_null_bridge_job_skills_job_id ................................. [PASS in 2.22s]
15:05:08  11 of 48 START test not_null_dim_date_date_id .................................. [RUN]
15:05:08  8 of 48 PASS not_null_bridge_job_skills_skill_id ............................... [PASS in 2.25s]
15:05:08  12 of 48 START test not_null_dim_date_full_date ................................ [RUN]
15:05:09  9 of 48 PASS not_null_dim_company_company_id ................................... [PASS in 1.90s]
15:05:09  13 of 48 START test not_null_dim_job_job_id .................................... [RUN]
15:05:10  10 of 48 PASS not_null_dim_company_company_name ................................ [PASS in 2.06s]
15:05:10  14 of 48 START test not_null_dim_job_job_title ................................. [RUN]
15:05:10  11 of 48 PASS not_null_dim_date_date_id ........................................ [PASS in 2.24s]
15:05:10  12 of 48 PASS not_null_dim_date_full_date ...................................... [PASS in 2.21s]
15:05:10  15 of 48 START test not_null_dim_location_city ................................. [RUN]
15:05:10  16 of 48 START test not_null_dim_location_country .............................. [RUN]
15:05:11  13 of 48 PASS not_null_dim_job_job_id .......................................... [PASS in 1.91s]
15:05:11  17 of 48 START test not_null_dim_location_location_id .......................... [RUN]
15:05:12  14 of 48 PASS not_null_dim_job_job_title ....................................... [PASS in 1.98s]
15:05:12  18 of 48 START test not_null_dim_skills_skill_id ............................... [RUN]
15:05:12  16 of 48 PASS not_null_dim_location_country .................................... [PASS in 2.03s]
15:05:12  19 of 48 START test not_null_dim_skills_skill_name ............................. [RUN]
15:05:12  15 of 48 PASS not_null_dim_location_city ....................................... [PASS in 2.29s]
15:05:12  20 of 48 START test not_null_fact_jobs_company_id .............................. [RUN]
15:05:13  17 of 48 PASS not_null_dim_location_location_id ................................ [PASS in 2.21s]
15:05:13  21 of 48 START test not_null_fact_jobs_date_id ................................. [RUN]
15:05:14  18 of 48 PASS not_null_dim_skills_skill_id ..................................... [PASS in 1.93s]
15:05:14  22 of 48 START test not_null_fact_jobs_fact_id ................................. [RUN]
15:05:14  19 of 48 PASS not_null_dim_skills_skill_name ................................... [PASS in 2.14s]
15:05:14  23 of 48 START test not_null_fact_jobs_job_id .................................. [RUN]
15:05:14  20 of 48 PASS not_null_fact_jobs_company_id .................................... [PASS in 2.04s]
15:05:14  24 of 48 START test not_null_fact_jobs_location_id ............................. [RUN]
15:05:16  21 of 48 PASS not_null_fact_jobs_date_id ....................................... [PASS in 2.53s]
15:05:16  25 of 48 START test not_null_mart_job_metrics_jobs_requiring_skill ............. [RUN]
15:05:16  22 of 48 PASS not_null_fact_jobs_fact_id ....................................... [PASS in 2.11s]
15:05:16  26 of 48 START test not_null_mart_job_metrics_skill_demand_score ............... [RUN]
15:05:16  23 of 48 PASS not_null_fact_jobs_job_id ........................................ [PASS in 2.00s]
15:05:16  27 of 48 START test not_null_mart_job_metrics_skill_name ....................... [RUN]
15:05:17  24 of 48 PASS not_null_fact_jobs_location_id ................................... [PASS in 2.42s]
15:05:17  28 of 48 START test not_null_mart_job_metrics_skill_rarity_score ............... [RUN]
15:05:18  26 of 48 PASS not_null_mart_job_metrics_skill_demand_score ..................... [PASS in 2.17s]
15:05:18  25 of 48 PASS not_null_mart_job_metrics_jobs_requiring_skill ................... [PASS in 2.26s]
15:05:18  29 of 48 START test not_null_stg_jobs_experience_level ......................... [RUN]
15:05:18  30 of 48 START test not_null_stg_jobs_job_id ................................... [RUN]
15:05:19  27 of 48 PASS not_null_mart_job_metrics_skill_name ............................. [PASS in 2.59s]
15:05:19  28 of 48 PASS not_null_mart_job_metrics_skill_rarity_score ..................... [PASS in 2.03s]
15:05:19  31 of 48 START test not_null_stg_jobs_job_title ................................ [RUN]
15:05:19  32 of 48 START test not_null_stg_jobs_job_url .................................. [RUN]
15:05:20  30 of 48 PASS not_null_stg_jobs_job_id ......................................... [PASS in 2.03s]
15:05:20  33 of 48 START test not_null_stg_jobs_posted_date .............................. [RUN]
15:05:20  29 of 48 PASS not_null_stg_jobs_experience_level ............................... [PASS in 2.31s]
15:05:20  34 of 48 START test not_null_stg_jobs_scrape_date .............................. [RUN]
15:05:21  32 of 48 PASS not_null_stg_jobs_job_url ........................................ [PASS in 2.04s]
15:05:21  35 of 48 START test relationships_fact_jobs_company_id__company_id__ref_dim_company_  [RUN]
15:05:21  31 of 48 PASS not_null_stg_jobs_job_title ...................................... [PASS in 2.54s]
15:05:21  36 of 48 START test relationships_fact_jobs_job_id__job_id__ref_dim_job_ ....... [RUN]
15:05:22  33 of 48 PASS not_null_stg_jobs_posted_date .................................... [PASS in 2.12s]
15:05:22  34 of 48 PASS not_null_stg_jobs_scrape_date .................................... [PASS in 1.84s]
15:05:22  37 of 48 START test relationships_fact_jobs_location_id__location_id__ref_dim_location_  [RUN]
15:05:22  38 of 48 START test unique_dim_company_company_id .............................. [RUN]
15:05:23  35 of 48 PASS relationships_fact_jobs_company_id__company_id__ref_dim_company_ . [PASS in 2.05s]
15:05:23  39 of 48 START test unique_dim_date_date_id .................................... [RUN]
15:05:24  36 of 48 PASS relationships_fact_jobs_job_id__job_id__ref_dim_job_ ............. [PASS in 2.45s]
15:05:24  40 of 48 START test unique_dim_date_full_date .................................. [RUN]
15:05:25  38 of 48 PASS unique_dim_company_company_id .................................... [PASS in 2.63s]
15:05:25  41 of 48 START test unique_dim_job_job_id ...................................... [RUN]
15:05:25  39 of 48 PASS unique_dim_date_date_id .......................................... [PASS in 2.03s]
15:05:25  37 of 48 PASS relationships_fact_jobs_location_id__location_id__ref_dim_location_  [PASS in 2.76s]
15:05:25  42 of 48 START test unique_dim_location_location_id ............................ [RUN]
15:05:25  43 of 48 START test unique_dim_skills_skill_id ................................. [RUN]
15:05:25  40 of 48 PASS unique_dim_date_full_date ........................................ [PASS in 1.71s]
15:05:25  44 of 48 START test unique_dim_skills_skill_name ............................... [RUN]
15:05:27  41 of 48 PASS unique_dim_job_job_id ............................................ [PASS in 2.21s]
15:05:27  43 of 48 PASS unique_dim_skills_skill_id ....................................... [PASS in 2.10s]
15:05:27  45 of 48 START test unique_fact_jobs_fact_id ................................... [RUN]
15:05:27  46 of 48 START test unique_mart_job_metrics_skill_name ......................... [RUN]
15:05:27  42 of 48 PASS unique_dim_location_location_id .................................. [PASS in 2.25s]
15:05:27  47 of 48 START test unique_stg_jobs_job_id ..................................... [RUN]
15:05:28  44 of 48 PASS unique_dim_skills_skill_name ..................................... [PASS in 2.52s]
15:05:28  48 of 48 START test unique_stg_jobs_job_url .................................... [RUN]
15:05:29  45 of 48 PASS unique_fact_jobs_fact_id ......................................... [PASS in 1.79s]
15:05:29  46 of 48 PASS unique_mart_job_metrics_skill_name ............................... [PASS in 1.79s]
15:05:29  47 of 48 PASS unique_stg_jobs_job_id ........................................... [PASS in 1.87s]
15:05:30  48 of 48 PASS unique_stg_jobs_job_url .......................................... [PASS in 1.85s]
15:05:30  
15:05:30  Finished running 48 data tests in 0 hours 0 minutes and 30.45 seconds (30.45s).
15:05:30  
15:05:30  Completed successfully
15:05:30  
15:05:30  Done. PASS=48 WARN=0 ERROR=0 SKIP=0 TOTAL=48
[2026-05-14T15:05:31.917+0000] {logging_mixin.py:188} INFO - ✔ dbt run and test completed successfully
[2026-05-14T15:05:31.918+0000] {python.py:237} INFO - Done. Returned value was: None
[2026-05-14T15:05:31.919+0000] {taskinstance.py:441} INFO - ::group::Post task execution logs
[2026-05-14T15:05:33.051+0000] {taskinstance.py:1206} INFO - Marking task as SUCCESS. dag_id=egypt_jobs_pipeline, task_id=run_dbt, run_id=manual__2026-05-14T10:49:05.963193+00:00, execution_date=20260514T104905, start_date=20260514T150414, end_date=20260514T150533
[2026-05-14T15:05:33.106+0000] {local_task_job_runner.py:240} INFO - Task exited with return code 0
[2026-05-14T15:05:33.152+0000] {taskinstance.py:3498} INFO - 0 downstream tasks scheduled from follow-on schedule check
[2026-05-14T15:05:33.157+0000] {local_task_job_runner.py:222} INFO - ::endgroup::
