[2026-05-14T09:58:12.371+0000] {local_task_job_runner.py:120} INFO - ::group::Pre task execution logs
[2026-05-14T09:58:12.435+0000] {taskinstance.py:2076} INFO - Dependencies all met for dep_context=non-requeueable deps ti=<TaskInstance: egypt_jobs_pipeline.scrape_wuzzuf manual__2026-05-14T09:58:11.558893+00:00 [queued]>
[2026-05-14T09:58:12.447+0000] {taskinstance.py:2076} INFO - Dependencies all met for dep_context=requeueable deps ti=<TaskInstance: egypt_jobs_pipeline.scrape_wuzzuf manual__2026-05-14T09:58:11.558893+00:00 [queued]>
[2026-05-14T09:58:12.448+0000] {taskinstance.py:2306} INFO - Starting attempt 1 of 3
[2026-05-14T09:58:12.465+0000] {taskinstance.py:2330} INFO - Executing <Task(PythonOperator): scrape_wuzzuf> on 2026-05-14 09:58:11.558893+00:00
[2026-05-14T09:58:12.470+0000] {standard_task_runner.py:63} INFO - Started process 206 to run task
[2026-05-14T09:58:12.476+0000] {standard_task_runner.py:90} INFO - Running: ['***', 'tasks', 'run', 'egypt_jobs_pipeline', 'scrape_wuzzuf', 'manual__2026-05-14T09:58:11.558893+00:00', '--job-id', '2', '--raw', '--subdir', 'DAGS_FOLDER/egypt_jobs_pipeline.py', '--cfg-path', '/tmp/tmp6df914lb']
[2026-05-14T09:58:12.482+0000] {standard_task_runner.py:91} INFO - Job 2: Subtask scrape_wuzzuf
[2026-05-14T09:58:12.591+0000] {task_command.py:426} INFO - Running <TaskInstance: egypt_jobs_pipeline.scrape_wuzzuf manual__2026-05-14T09:58:11.558893+00:00 [running]> on host b066ac09175e
[2026-05-14T09:58:13.041+0000] {taskinstance.py:2648} INFO - Exporting env vars: AIRFLOW_CTX_DAG_OWNER='sama' AIRFLOW_CTX_DAG_ID='egypt_jobs_pipeline' AIRFLOW_CTX_TASK_ID='scrape_wuzzuf' AIRFLOW_CTX_EXECUTION_DATE='2026-05-14T09:58:11.558893+00:00' AIRFLOW_CTX_TRY_NUMBER='1' AIRFLOW_CTX_DAG_RUN_ID='manual__2026-05-14T09:58:11.558893+00:00'
[2026-05-14T09:58:13.042+0000] {taskinstance.py:430} INFO - ::endgroup::
[2026-05-14T09:58:13.269+0000] {wuzzuf_scraper.py:621} INFO - 
=======================================================
[2026-05-14T09:58:13.270+0000] {wuzzuf_scraper.py:622} INFO - Keyword 1/21: 'data engineer'
[2026-05-14T09:58:13.271+0000] {wuzzuf_scraper.py:623} INFO - =======================================================
[2026-05-14T09:58:14.872+0000] {taskinstance.py:441} INFO - ::group::Post task execution logs
[2026-05-14T09:58:14.874+0000] {taskinstance.py:2905} ERROR - Task failed with exception
Traceback (most recent call last):
  File "/home/airflow/.local/lib/python3.11/site-packages/airflow/models/taskinstance.py", line 465, in _execute_task
    result = _execute_callable(context=context, **execute_callable_kwargs)
             ^^^^^^^^^^^^^^^^^^^^^^^^^^^^^^^^^^^^^^^^^^^^^^^^^^^^^^^^^^^^^
  File "/home/airflow/.local/lib/python3.11/site-packages/airflow/models/taskinstance.py", line 432, in _execute_callable
    return execute_callable(context=context, **execute_callable_kwargs)
           ^^^^^^^^^^^^^^^^^^^^^^^^^^^^^^^^^^^^^^^^^^^^^^^^^^^^^^^^^^^^
  File "/home/airflow/.local/lib/python3.11/site-packages/airflow/models/baseoperator.py", line 400, in wrapper
    return func(self, *args, **kwargs)
           ^^^^^^^^^^^^^^^^^^^^^^^^^^^
  File "/home/airflow/.local/lib/python3.11/site-packages/airflow/operators/python.py", line 235, in execute
    return_value = self.execute_callable()
                   ^^^^^^^^^^^^^^^^^^^^^^^
  File "/home/airflow/.local/lib/python3.11/site-packages/airflow/operators/python.py", line 252, in execute_callable
    return self.python_callable(*self.op_args, **self.op_kwargs)
           ^^^^^^^^^^^^^^^^^^^^^^^^^^^^^^^^^^^^^^^^^^^^^^^^^^^^^
  File "/opt/airflow/dags/egypt_jobs_pipeline.py", line 36, in scrape_task
    jobs = scrape_all_keywords(
           ^^^^^^^^^^^^^^^^^^^^
  File "/opt/airflow/project/scraper/wuzzuf_scraper.py", line 625, in scrape_all_keywords
    scraper = WuzzufScraper(
              ^^^^^^^^^^^^^^
  File "/opt/airflow/project/scraper/wuzzuf_scraper.py", line 247, in __init__
    self.browser    = self.playwright.chromium.launch(headless=True)
                      ^^^^^^^^^^^^^^^^^^^^^^^^^^^^^^^^^^^^^^^^^^^^^^
  File "/home/airflow/.local/lib/python3.11/site-packages/playwright/sync_api/_generated.py", line 13991, in launch
    self._sync(
  File "/home/airflow/.local/lib/python3.11/site-packages/playwright/_impl/_sync_base.py", line 115, in _sync
    return task.result()
           ^^^^^^^^^^^^^
  File "/home/airflow/.local/lib/python3.11/site-packages/playwright/_impl/_browser_type.py", line 94, in launch
    Browser, from_channel(await self._channel.send("launch", params))
                          ^^^^^^^^^^^^^^^^^^^^^^^^^^^^^^^^^^^^^^^^^^
  File "/home/airflow/.local/lib/python3.11/site-packages/playwright/_impl/_connection.py", line 59, in send
    return await self._connection.wrap_api_call(
           ^^^^^^^^^^^^^^^^^^^^^^^^^^^^^^^^^^^^^
  File "/home/airflow/.local/lib/python3.11/site-packages/playwright/_impl/_connection.py", line 514, in wrap_api_call
    raise rewrite_error(error, f"{parsed_st['apiName']}: {error}") from None
playwright._impl._errors.Error: BrowserType.launch: 
╔══════════════════════════════════════════════════════╗
║ Host system is missing dependencies to run browsers. ║
║ Please install them with the following command:      ║
║                                                      ║
║     sudo playwright install-deps                     ║
║                                                      ║
║ Alternatively, use apt:                              ║
║     sudo apt-get install libpango-1.0-0\             ║
║         libcairo2                                    ║
║                                                      ║
║ <3 Playwright Team                                   ║
╚══════════════════════════════════════════════════════╝
[2026-05-14T09:58:15.002+0000] {taskinstance.py:1206} INFO - Marking task as UP_FOR_RETRY. dag_id=egypt_jobs_pipeline, task_id=scrape_wuzzuf, run_id=manual__2026-05-14T09:58:11.558893+00:00, execution_date=20260514T095811, start_date=20260514T095812, end_date=20260514T095815
[2026-05-14T09:58:15.101+0000] {standard_task_runner.py:110} ERROR - Failed to execute job 2 for task scrape_wuzzuf (BrowserType.launch: 
╔══════════════════════════════════════════════════════╗
║ Host system is missing dependencies to run browsers. ║
║ Please install them with the following command:      ║
║                                                      ║
║     sudo playwright install-deps                     ║
║                                                      ║
║ Alternatively, use apt:                              ║
║     sudo apt-get install libpango-1.0-0\             ║
║         libcairo2                                    ║
║                                                      ║
║ <3 Playwright Team                                   ║
╚══════════════════════════════════════════════════════╝; 206)
[2026-05-14T09:58:15.224+0000] {local_task_job_runner.py:240} INFO - Task exited with return code 1
[2026-05-14T09:58:15.406+0000] {taskinstance.py:3498} INFO - 0 downstream tasks scheduled from follow-on schedule check
[2026-05-14T09:58:15.412+0000] {local_task_job_runner.py:222} INFO - ::endgroup::
