[0m11:41:54.267832 [debug] [MainThread]: Sending event: {'category': 'dbt', 'action': 'invocation', 'label': 'start', 'context': [<snowplow_tracker.self_describing_json.SelfDescribingJson object at 0x00000170EE18AD50>, <snowplow_tracker.self_describing_json.SelfDescribingJson object at 0x00000170F1171B80>, <snowplow_tracker.self_describing_json.SelfDescribingJson object at 0x00000170F0920B60>]}


============================== 11:41:54.278282 | f761d03e-3587-4ee6-a628-9aafe841a150 ==============================
[0m11:41:54.278282 [info ] [MainThread]: Running with dbt=1.11.7
[0m11:41:54.279283 [debug] [MainThread]: running dbt with arguments {'static_parser': 'True', 'no_print': 'None', 'version_check': 'True', 'target_path': 'None', 'warn_error_options': 'WarnErrorOptionsV2(error=[], warn=[], silence=[])', 'printer_width': '80', 'write_json': 'True', 'introspect': 'True', 'log_cache_events': 'False', 'empty': 'None', 'cache_selected_only': 'False', 'fail_fast': 'False', 'debug': 'False', 'log_format': 'default', 'partial_parse': 'True', 'send_anonymous_usage_stats': 'True', 'quiet': 'False', 'warn_error': 'None', 'profiles_dir': 'C:\\Users\\samaw\\.dbt', 'indirect_selection': 'eager', 'use_colors': 'True', 'invocation_command': 'dbt init egypt_tech_jobs', 'use_experimental_parser': 'False', 'log_path': 'logs'}
[0m11:41:54.321441 [debug] [MainThread]: Starter project path: C:\Users\samaw\AppData\Local\Programs\Python\Python312\Lib\site-packages\dbt\include\starter_project
[0m11:41:54.341328 [info ] [MainThread]: 
Your new dbt project "egypt_tech_jobs" was created!

For more information on how to configure the profiles.yml file,
please consult the dbt documentation here:

  https://docs.getdbt.com/docs/configure-your-profile

One more thing:

Need help? Don't hesitate to reach out to us via GitHub issues or on Slack:

  https://community.getdbt.com/

Happy modeling!

[0m11:41:54.342643 [info ] [MainThread]: Setting up your profile.
[0m11:42:02.862268 [debug] [MainThread]: Snowflake adapter: Setting snowflake.connector to ERROR (file logging only)
[0m11:42:02.862268 [debug] [MainThread]: Snowflake adapter: Setting botocore to ERROR (file logging only)
[0m11:42:02.863269 [debug] [MainThread]: Snowflake adapter: Setting boto3 to ERROR (file logging only)
[0m11:44:31.883611 [info ] [MainThread]: Profile egypt_tech_jobs written to C:\Users\samaw\.dbt\profiles.yml using target's profile_template.yml and your supplied values. Run 'dbt debug' to validate the connection.
[0m11:44:31.887221 [debug] [MainThread]: Command `dbt init` succeeded at 11:44:31.886612 after 157.81 seconds
[0m11:44:31.888413 [debug] [MainThread]: Sending event: {'category': 'dbt', 'action': 'invocation', 'label': 'end', 'context': [<snowplow_tracker.self_describing_json.SelfDescribingJson object at 0x0000017085656330>, <snowplow_tracker.self_describing_json.SelfDescribingJson object at 0x000001708572FAA0>, <snowplow_tracker.self_describing_json.SelfDescribingJson object at 0x00000170F15527E0>]}
[0m11:44:31.889602 [debug] [MainThread]: Flushing usage events
[0m11:44:33.475222 [debug] [MainThread]: An error was encountered while trying to flush usage events
[0m11:45:13.258219 [debug] [MainThread]: Sending event: {'category': 'dbt', 'action': 'invocation', 'label': 'start', 'context': [<snowplow_tracker.self_describing_json.SelfDescribingJson object at 0x000002A70D1947A0>, <snowplow_tracker.self_describing_json.SelfDescribingJson object at 0x000002A70D8F1DF0>, <snowplow_tracker.self_describing_json.SelfDescribingJson object at 0x000002A70F805640>]}


============================== 11:45:13.261225 | 8912eeae-0be6-44fe-acbf-b42d585e47be ==============================
[0m11:45:13.261225 [info ] [MainThread]: Running with dbt=1.11.7
[0m11:45:13.262224 [debug] [MainThread]: running dbt with arguments {'static_parser': 'True', 'no_print': 'None', 'version_check': 'True', 'warn_error_options': 'WarnErrorOptionsV2(error=[], warn=[], silence=[])', 'target_path': 'None', 'printer_width': '80', 'write_json': 'True', 'introspect': 'True', 'log_cache_events': 'False', 'empty': 'None', 'cache_selected_only': 'False', 'fail_fast': 'False', 'debug': 'False', 'log_format': 'default', 'profiles_dir': 'C:\\Users\\samaw\\.dbt', 'send_anonymous_usage_stats': 'True', 'quiet': 'False', 'warn_error': 'None', 'partial_parse': 'True', 'indirect_selection': 'eager', 'invocation_command': 'dbt debug', 'use_colors': 'True', 'use_experimental_parser': 'False', 'log_path': 'logs'}
[0m11:45:13.287351 [info ] [MainThread]: dbt version: 1.11.7
[0m11:45:13.287351 [info ] [MainThread]: python version: 3.12.9
[0m11:45:13.288362 [info ] [MainThread]: python path: C:\Users\samaw\AppData\Local\Programs\Python\Python312\python.exe
[0m11:45:13.288362 [info ] [MainThread]: os info: Windows-11-10.0.26200-SP0
[0m11:45:14.306415 [debug] [MainThread]: Snowflake adapter: Setting snowflake.connector to ERROR (file logging only)
[0m11:45:14.307417 [debug] [MainThread]: Snowflake adapter: Setting botocore to ERROR (file logging only)
[0m11:45:14.307417 [debug] [MainThread]: Snowflake adapter: Setting boto3 to ERROR (file logging only)
[0m11:45:14.384133 [info ] [MainThread]: Using profiles dir at C:\Users\samaw\.dbt
[0m11:45:14.385100 [info ] [MainThread]: Using profiles.yml file at C:\Users\samaw\.dbt\profiles.yml
[0m11:45:14.385100 [info ] [MainThread]: Using dbt_project.yml file at D:\Sama\studying\Data warehouse\Egyptian-Job-Market-Analytics Project\dbt_project.yml
[0m11:45:14.386100 [error] [MainThread]: Encountered an error:
Internal Error
  Profile should not be None if loading profile completed
[0m11:45:14.387101 [debug] [MainThread]: Command `dbt debug` failed at 11:45:14.387101 after 1.24 seconds
[0m11:45:14.387101 [debug] [MainThread]: Sending event: {'category': 'dbt', 'action': 'invocation', 'label': 'end', 'context': [<snowplow_tracker.self_describing_json.SelfDescribingJson object at 0x000002A70D1947A0>, <snowplow_tracker.self_describing_json.SelfDescribingJson object at 0x000002A724C30D40>, <snowplow_tracker.self_describing_json.SelfDescribingJson object at 0x000002A722996780>]}
[0m11:45:14.388136 [debug] [MainThread]: Flushing usage events
[0m11:45:15.274128 [debug] [MainThread]: An error was encountered while trying to flush usage events
