[2026-05-14T10:49:09.031+0000] {local_task_job_runner.py:120} INFO - ::group::Pre task execution logs
[2026-05-14T10:49:09.245+0000] {taskinstance.py:2076} INFO - Dependencies all met for dep_context=non-requeueable deps ti=<TaskInstance: egypt_jobs_pipeline.scrape_wuzzuf manual__2026-05-14T10:49:05.963193+00:00 [queued]>
[2026-05-14T10:49:09.271+0000] {taskinstance.py:2076} INFO - Dependencies all met for dep_context=requeueable deps ti=<TaskInstance: egypt_jobs_pipeline.scrape_wuzzuf manual__2026-05-14T10:49:05.963193+00:00 [queued]>
[2026-05-14T10:49:09.273+0000] {taskinstance.py:2306} INFO - Starting attempt 1 of 3
[2026-05-14T10:49:09.318+0000] {taskinstance.py:2330} INFO - Executing <Task(PythonOperator): scrape_wuzzuf> on 2026-05-14 10:49:05.963193+00:00
[2026-05-14T10:49:09.334+0000] {standard_task_runner.py:63} INFO - Started process 320 to run task
[2026-05-14T10:49:09.367+0000] {standard_task_runner.py:90} INFO - Running: ['***', 'tasks', 'run', 'egypt_jobs_pipeline', 'scrape_wuzzuf', 'manual__2026-05-14T10:49:05.963193+00:00', '--job-id', '13', '--raw', '--subdir', 'DAGS_FOLDER/egypt_jobs_pipeline.py', '--cfg-path', '/tmp/tmp2dpyw4k8']
[2026-05-14T10:49:09.380+0000] {standard_task_runner.py:91} INFO - Job 13: Subtask scrape_wuzzuf
[2026-05-14T10:49:09.682+0000] {task_command.py:426} INFO - Running <TaskInstance: egypt_jobs_pipeline.scrape_wuzzuf manual__2026-05-14T10:49:05.963193+00:00 [running]> on host a867784e3c0e
[2026-05-14T10:49:11.861+0000] {taskinstance.py:2648} INFO - Exporting env vars: AIRFLOW_CTX_DAG_OWNER='sama' AIRFLOW_CTX_DAG_ID='egypt_jobs_pipeline' AIRFLOW_CTX_TASK_ID='scrape_wuzzuf' AIRFLOW_CTX_EXECUTION_DATE='2026-05-14T10:49:05.963193+00:00' AIRFLOW_CTX_TRY_NUMBER='1' AIRFLOW_CTX_DAG_RUN_ID='manual__2026-05-14T10:49:05.963193+00:00'
[2026-05-14T10:49:11.866+0000] {taskinstance.py:430} INFO - ::endgroup::
[2026-05-14T10:49:12.085+0000] {wuzzuf_scraper.py:621} INFO - 
=======================================================
[2026-05-14T10:49:12.086+0000] {wuzzuf_scraper.py:622} INFO - Keyword 1/21: 'data engineer'
[2026-05-14T10:49:12.087+0000] {wuzzuf_scraper.py:623} INFO - =======================================================
[2026-05-14T10:49:16.114+0000] {wuzzuf_scraper.py:480} INFO - Scraping: 'data engineer' (up to 5 pages)
[2026-05-14T10:49:16.116+0000] {wuzzuf_scraper.py:483} INFO -   Page 1/5
[2026-05-14T10:49:31.320+0000] {wuzzuf_scraper.py:264} ERROR - Failed to load page 1: Page.goto: Timeout 15000ms exceeded.
Call log:
navigating to "https://wuzzuf.net/search/jobs/?q=data%20engineer&a%5Bpage%5D=1", waiting until "load"

[2026-05-14T10:49:31.335+0000] {wuzzuf_scraper.py:487} WARNING -   Skipping page 1 — failed to load
[2026-05-14T10:49:31.339+0000] {wuzzuf_scraper.py:483} INFO -   Page 2/5
[2026-05-14T10:49:43.229+0000] {wuzzuf_scraper.py:450} INFO -   Found 14 cards on page
[2026-05-14T10:52:49.375+0000] {wuzzuf_scraper.py:510} INFO -   Total so far: 14
[2026-05-14T10:52:51.377+0000] {wuzzuf_scraper.py:483} INFO -   Page 3/5
[2026-05-14T10:52:59.799+0000] {wuzzuf_scraper.py:450} INFO -   Found 14 cards on page
[2026-05-14T10:56:04.737+0000] {wuzzuf_scraper.py:502} WARNING -   Skipped 14 duplicate(s)
[2026-05-14T10:56:04.739+0000] {wuzzuf_scraper.py:506} INFO -   Entire page was duplicates — pagination exhausted
[2026-05-14T10:56:04.741+0000] {wuzzuf_scraper.py:515} INFO - Done: 'data engineer' → 14 relevant jobs
[2026-05-14T10:56:04.742+0000] {wuzzuf_scraper.py:642} INFO - 'data engineer': 14 jobs (14 new unique)
[2026-05-14T10:56:04.799+0000] {wuzzuf_scraper.py:572} INFO - Saved wuzzuf_data_engineer.json → updated=14 appended=0 total=32
[2026-05-14T10:56:08.142+0000] {wuzzuf_scraper.py:621} INFO - 
=======================================================
[2026-05-14T10:56:08.143+0000] {wuzzuf_scraper.py:622} INFO - Keyword 2/21: 'data analyst'
[2026-05-14T10:56:08.143+0000] {wuzzuf_scraper.py:623} INFO - =======================================================
[2026-05-14T10:56:09.620+0000] {wuzzuf_scraper.py:480} INFO - Scraping: 'data analyst' (up to 5 pages)
[2026-05-14T10:56:09.621+0000] {wuzzuf_scraper.py:483} INFO -   Page 1/5
[2026-05-14T10:56:24.658+0000] {wuzzuf_scraper.py:264} ERROR - Failed to load page 1: Page.goto: Timeout 15000ms exceeded.
Call log:
navigating to "https://wuzzuf.net/search/jobs/?q=data%20analyst&a%5Bpage%5D=1", waiting until "load"

[2026-05-14T10:56:24.667+0000] {wuzzuf_scraper.py:487} WARNING -   Skipping page 1 — failed to load
[2026-05-14T10:56:24.670+0000] {wuzzuf_scraper.py:483} INFO -   Page 2/5
[2026-05-14T10:56:38.782+0000] {wuzzuf_scraper.py:450} INFO -   Found 15 cards on page
[2026-05-14T10:59:11.104+0000] {wuzzuf_scraper.py:510} INFO -   Total so far: 15
[2026-05-14T10:59:13.107+0000] {wuzzuf_scraper.py:483} INFO -   Page 3/5
[2026-05-14T10:59:20.561+0000] {wuzzuf_scraper.py:450} INFO -   Found 15 cards on page
[2026-05-14T11:01:02.944+0000] {wuzzuf_scraper.py:502} WARNING -   Skipped 15 duplicate(s)
[2026-05-14T11:01:02.945+0000] {wuzzuf_scraper.py:506} INFO -   Entire page was duplicates — pagination exhausted
[2026-05-14T11:01:02.946+0000] {wuzzuf_scraper.py:515} INFO - Done: 'data analyst' → 15 relevant jobs
[2026-05-14T11:01:02.947+0000] {wuzzuf_scraper.py:642} INFO - 'data analyst': 15 jobs (15 new unique)
[2026-05-14T11:01:02.979+0000] {wuzzuf_scraper.py:572} INFO - Saved wuzzuf_data_analyst.json → updated=15 appended=0 total=32
[2026-05-14T11:01:06.148+0000] {wuzzuf_scraper.py:621} INFO - 
=======================================================
[2026-05-14T11:01:06.149+0000] {wuzzuf_scraper.py:622} INFO - Keyword 3/21: 'data scientist'
[2026-05-14T11:01:06.150+0000] {wuzzuf_scraper.py:623} INFO - =======================================================
[2026-05-14T11:01:06.996+0000] {wuzzuf_scraper.py:480} INFO - Scraping: 'data scientist' (up to 5 pages)
[2026-05-14T11:01:06.997+0000] {wuzzuf_scraper.py:483} INFO -   Page 1/5
[2026-05-14T11:01:17.081+0000] {wuzzuf_scraper.py:450} INFO -   Found 11 cards on page
[2026-05-14T11:02:28.117+0000] {wuzzuf_scraper.py:510} INFO -   Total so far: 10
[2026-05-14T11:02:30.115+0000] {wuzzuf_scraper.py:483} INFO -   Page 2/5
[2026-05-14T11:02:45.155+0000] {wuzzuf_scraper.py:264} ERROR - Failed to load page 2: Page.goto: Timeout 15000ms exceeded.
Call log:
navigating to "https://wuzzuf.net/search/jobs/?q=data%20scientist&a%5Bpage%5D=2", waiting until "load"

[2026-05-14T11:02:45.156+0000] {wuzzuf_scraper.py:487} WARNING -   Skipping page 2 — failed to load
[2026-05-14T11:02:45.157+0000] {wuzzuf_scraper.py:483} INFO -   Page 3/5
[2026-05-14T11:03:00.184+0000] {wuzzuf_scraper.py:264} ERROR - Failed to load page 3: Page.goto: Timeout 15000ms exceeded.
Call log:
navigating to "https://wuzzuf.net/search/jobs/?q=data%20scientist&a%5Bpage%5D=3", waiting until "load"

[2026-05-14T11:03:00.185+0000] {wuzzuf_scraper.py:487} WARNING -   Skipping page 3 — failed to load
[2026-05-14T11:03:00.186+0000] {wuzzuf_scraper.py:483} INFO -   Page 4/5
[2026-05-14T11:03:15.227+0000] {wuzzuf_scraper.py:264} ERROR - Failed to load page 4: Page.goto: Timeout 15000ms exceeded.
Call log:
navigating to "https://wuzzuf.net/search/jobs/?q=data%20scientist&a%5Bpage%5D=4", waiting until "load"

[2026-05-14T11:03:15.228+0000] {wuzzuf_scraper.py:487} WARNING -   Skipping page 4 — failed to load
[2026-05-14T11:03:15.228+0000] {wuzzuf_scraper.py:483} INFO -   Page 5/5
[2026-05-14T11:03:30.267+0000] {wuzzuf_scraper.py:264} ERROR - Failed to load page 5: Page.goto: Timeout 15000ms exceeded.
Call log:
navigating to "https://wuzzuf.net/search/jobs/?q=data%20scientist&a%5Bpage%5D=5", waiting until "load"

[2026-05-14T11:03:30.268+0000] {wuzzuf_scraper.py:487} WARNING -   Skipping page 5 — failed to load
[2026-05-14T11:03:30.269+0000] {wuzzuf_scraper.py:515} INFO - Done: 'data scientist' → 10 relevant jobs
[2026-05-14T11:03:30.270+0000] {wuzzuf_scraper.py:642} INFO - 'data scientist': 10 jobs (9 new unique)
[2026-05-14T11:03:30.292+0000] {wuzzuf_scraper.py:572} INFO - Saved wuzzuf_data_scientist.json → updated=10 appended=0 total=10
[2026-05-14T11:03:33.412+0000] {wuzzuf_scraper.py:621} INFO - 
=======================================================
[2026-05-14T11:03:33.414+0000] {wuzzuf_scraper.py:622} INFO - Keyword 4/21: 'analytics engineer'
[2026-05-14T11:03:33.415+0000] {wuzzuf_scraper.py:623} INFO - =======================================================
[2026-05-14T11:03:34.225+0000] {wuzzuf_scraper.py:480} INFO - Scraping: 'analytics engineer' (up to 5 pages)
[2026-05-14T11:03:34.225+0000] {wuzzuf_scraper.py:483} INFO -   Page 1/5
[2026-05-14T11:03:47.708+0000] {wuzzuf_scraper.py:450} INFO -   Found 14 cards on page
[2026-05-14T11:05:36.226+0000] {wuzzuf_scraper.py:510} INFO -   Total so far: 14
[2026-05-14T11:05:38.228+0000] {wuzzuf_scraper.py:483} INFO -   Page 2/5
[2026-05-14T11:05:47.441+0000] {wuzzuf_scraper.py:450} INFO -   Found 14 cards on page
[2026-05-14T11:07:23.060+0000] {wuzzuf_scraper.py:502} WARNING -   Skipped 14 duplicate(s)
[2026-05-14T11:07:23.061+0000] {wuzzuf_scraper.py:506} INFO -   Entire page was duplicates — pagination exhausted
[2026-05-14T11:07:23.062+0000] {wuzzuf_scraper.py:515} INFO - Done: 'analytics engineer' → 14 relevant jobs
[2026-05-14T11:07:23.063+0000] {wuzzuf_scraper.py:642} INFO - 'analytics engineer': 14 jobs (14 new unique)
[2026-05-14T11:07:23.101+0000] {wuzzuf_scraper.py:572} INFO - Saved wuzzuf_analytics_engineer.json → updated=14 appended=0 total=17
[2026-05-14T11:07:26.315+0000] {wuzzuf_scraper.py:621} INFO - 
=======================================================
[2026-05-14T11:07:26.317+0000] {wuzzuf_scraper.py:622} INFO - Keyword 5/21: 'business intelligence'
[2026-05-14T11:07:26.319+0000] {wuzzuf_scraper.py:623} INFO - =======================================================
[2026-05-14T11:07:27.280+0000] {wuzzuf_scraper.py:480} INFO - Scraping: 'business intelligence' (up to 5 pages)
[2026-05-14T11:07:27.281+0000] {wuzzuf_scraper.py:483} INFO -   Page 1/5
[2026-05-14T11:07:42.337+0000] {wuzzuf_scraper.py:264} ERROR - Failed to load page 1: Page.goto: Timeout 15000ms exceeded.
Call log:
navigating to "https://wuzzuf.net/search/jobs/?q=business%20intelligence&a%5Bpage%5D=1", waiting until "load"

[2026-05-14T11:07:42.339+0000] {wuzzuf_scraper.py:487} WARNING -   Skipping page 1 — failed to load
[2026-05-14T11:07:42.341+0000] {wuzzuf_scraper.py:483} INFO -   Page 2/5
[2026-05-14T11:07:57.440+0000] {wuzzuf_scraper.py:264} ERROR - Failed to load page 2: Page.goto: Timeout 15000ms exceeded.
Call log:
navigating to "https://wuzzuf.net/search/jobs/?q=business%20intelligence&a%5Bpage%5D=2", waiting until "load"

[2026-05-14T11:07:57.445+0000] {wuzzuf_scraper.py:487} WARNING -   Skipping page 2 — failed to load
[2026-05-14T11:07:57.451+0000] {wuzzuf_scraper.py:483} INFO -   Page 3/5
[2026-05-14T11:08:07.680+0000] {wuzzuf_scraper.py:450} INFO -   Found 15 cards on page
[2026-05-14T11:09:26.493+0000] {wuzzuf_scraper.py:510} INFO -   Total so far: 12
[2026-05-14T11:09:28.495+0000] {wuzzuf_scraper.py:483} INFO -   Page 4/5
[2026-05-14T11:09:36.333+0000] {wuzzuf_scraper.py:450} INFO -   Found 15 cards on page
[2026-05-14T11:10:56.471+0000] {wuzzuf_scraper.py:502} WARNING -   Skipped 12 duplicate(s)
[2026-05-14T11:10:56.472+0000] {wuzzuf_scraper.py:506} INFO -   Entire page was duplicates — pagination exhausted
[2026-05-14T11:10:56.473+0000] {wuzzuf_scraper.py:515} INFO - Done: 'business intelligence' → 12 relevant jobs
[2026-05-14T11:10:56.474+0000] {wuzzuf_scraper.py:642} INFO - 'business intelligence': 12 jobs (11 new unique)
[2026-05-14T11:10:56.513+0000] {wuzzuf_scraper.py:572} INFO - Saved wuzzuf_business_intelligence.json → updated=12 appended=0 total=13
[2026-05-14T11:10:59.925+0000] {wuzzuf_scraper.py:621} INFO - 
=======================================================
[2026-05-14T11:10:59.926+0000] {wuzzuf_scraper.py:622} INFO - Keyword 6/21: 'power bi developer'
[2026-05-14T11:10:59.927+0000] {wuzzuf_scraper.py:623} INFO - =======================================================
[2026-05-14T11:11:01.029+0000] {wuzzuf_scraper.py:480} INFO - Scraping: 'power bi developer' (up to 5 pages)
[2026-05-14T11:11:01.030+0000] {wuzzuf_scraper.py:483} INFO -   Page 1/5
[2026-05-14T11:11:13.030+0000] {wuzzuf_scraper.py:450} INFO -   Found 15 cards on page
[2026-05-14T11:12:21.008+0000] {wuzzuf_scraper.py:510} INFO -   Total so far: 11
[2026-05-14T11:12:23.009+0000] {wuzzuf_scraper.py:483} INFO -   Page 2/5
[2026-05-14T11:12:29.522+0000] {wuzzuf_scraper.py:450} INFO -   Found 15 cards on page
[2026-05-14T11:13:34.749+0000] {wuzzuf_scraper.py:502} WARNING -   Skipped 11 duplicate(s)
[2026-05-14T11:13:34.750+0000] {wuzzuf_scraper.py:506} INFO -   Entire page was duplicates — pagination exhausted
[2026-05-14T11:13:34.751+0000] {wuzzuf_scraper.py:515} INFO - Done: 'power bi developer' → 11 relevant jobs
[2026-05-14T11:13:34.752+0000] {wuzzuf_scraper.py:642} INFO - 'power bi developer': 11 jobs (6 new unique)
[2026-05-14T11:13:34.780+0000] {wuzzuf_scraper.py:572} INFO - Saved wuzzuf_power_bi_developer.json → updated=11 appended=0 total=12
[2026-05-14T11:13:37.990+0000] {wuzzuf_scraper.py:621} INFO - 
=======================================================
[2026-05-14T11:13:37.991+0000] {wuzzuf_scraper.py:622} INFO - Keyword 7/21: 'tableau developer'
[2026-05-14T11:13:37.992+0000] {wuzzuf_scraper.py:623} INFO - =======================================================
[2026-05-14T11:13:39.157+0000] {wuzzuf_scraper.py:480} INFO - Scraping: 'tableau developer' (up to 5 pages)
[2026-05-14T11:13:39.159+0000] {wuzzuf_scraper.py:483} INFO -   Page 1/5
[2026-05-14T11:13:46.213+0000] {wuzzuf_scraper.py:450} INFO -   Found 15 cards on page
[2026-05-14T11:14:52.902+0000] {wuzzuf_scraper.py:510} INFO -   Total so far: 9
[2026-05-14T11:14:54.906+0000] {wuzzuf_scraper.py:483} INFO -   Page 2/5
[2026-05-14T11:15:04.534+0000] {wuzzuf_scraper.py:450} INFO -   Found 15 cards on page
[2026-05-14T11:15:57.200+0000] {wuzzuf_scraper.py:502} WARNING -   Skipped 9 duplicate(s)
[2026-05-14T11:15:57.201+0000] {wuzzuf_scraper.py:506} INFO -   Entire page was duplicates — pagination exhausted
[2026-05-14T11:15:57.202+0000] {wuzzuf_scraper.py:515} INFO - Done: 'tableau developer' → 9 relevant jobs
[2026-05-14T11:15:57.203+0000] {wuzzuf_scraper.py:642} INFO - 'tableau developer': 9 jobs (4 new unique)
[2026-05-14T11:15:57.222+0000] {wuzzuf_scraper.py:572} INFO - Saved wuzzuf_tableau_developer.json → updated=9 appended=0 total=9
[2026-05-14T11:16:00.358+0000] {wuzzuf_scraper.py:621} INFO - 
=======================================================
[2026-05-14T11:16:00.360+0000] {wuzzuf_scraper.py:622} INFO - Keyword 8/21: 'bi developer'
[2026-05-14T11:16:00.362+0000] {wuzzuf_scraper.py:623} INFO - =======================================================
[2026-05-14T11:16:01.543+0000] {wuzzuf_scraper.py:480} INFO - Scraping: 'bi developer' (up to 5 pages)
[2026-05-14T11:16:01.544+0000] {wuzzuf_scraper.py:483} INFO -   Page 1/5
[2026-05-14T11:16:11.027+0000] {wuzzuf_scraper.py:450} INFO -   Found 15 cards on page
[2026-05-14T11:17:09.750+0000] {wuzzuf_scraper.py:510} INFO -   Total so far: 11
[2026-05-14T11:17:11.751+0000] {wuzzuf_scraper.py:483} INFO -   Page 2/5
[2026-05-14T11:17:17.263+0000] {wuzzuf_scraper.py:450} INFO -   Found 15 cards on page
[2026-05-14T11:18:36.003+0000] {wuzzuf_scraper.py:502} WARNING -   Skipped 11 duplicate(s)
[2026-05-14T11:18:36.004+0000] {wuzzuf_scraper.py:506} INFO -   Entire page was duplicates — pagination exhausted
[2026-05-14T11:18:36.005+0000] {wuzzuf_scraper.py:515} INFO - Done: 'bi developer' → 11 relevant jobs
[2026-05-14T11:18:36.007+0000] {wuzzuf_scraper.py:642} INFO - 'bi developer': 11 jobs (1 new unique)
[2026-05-14T11:18:36.029+0000] {wuzzuf_scraper.py:572} INFO - Saved wuzzuf_bi_developer.json → updated=11 appended=0 total=13
[2026-05-14T11:18:39.230+0000] {wuzzuf_scraper.py:621} INFO - 
=======================================================
[2026-05-14T11:18:39.235+0000] {wuzzuf_scraper.py:622} INFO - Keyword 9/21: 'sql developer'
[2026-05-14T11:18:39.236+0000] {wuzzuf_scraper.py:623} INFO - =======================================================
[2026-05-14T11:18:40.736+0000] {wuzzuf_scraper.py:480} INFO - Scraping: 'sql developer' (up to 5 pages)
[2026-05-14T11:18:40.737+0000] {wuzzuf_scraper.py:483} INFO -   Page 1/5
[2026-05-14T11:18:49.722+0000] {wuzzuf_scraper.py:450} INFO -   Found 15 cards on page
[2026-05-14T11:20:22.012+0000] {wuzzuf_scraper.py:510} INFO -   Total so far: 15
[2026-05-14T11:20:24.013+0000] {wuzzuf_scraper.py:483} INFO -   Page 2/5
[2026-05-14T11:20:39.059+0000] {wuzzuf_scraper.py:264} ERROR - Failed to load page 2: Page.goto: Timeout 15000ms exceeded.
Call log:
navigating to "https://wuzzuf.net/search/jobs/?q=sql%20developer&a%5Bpage%5D=2", waiting until "load"

[2026-05-14T11:20:39.060+0000] {wuzzuf_scraper.py:487} WARNING -   Skipping page 2 — failed to load
[2026-05-14T11:20:39.062+0000] {wuzzuf_scraper.py:483} INFO -   Page 3/5
[2026-05-14T11:20:54.121+0000] {wuzzuf_scraper.py:264} ERROR - Failed to load page 3: Page.goto: Timeout 15000ms exceeded.
Call log:
navigating to "https://wuzzuf.net/search/jobs/?q=sql%20developer&a%5Bpage%5D=3", waiting until "load"

[2026-05-14T11:20:54.122+0000] {wuzzuf_scraper.py:487} WARNING -   Skipping page 3 — failed to load
[2026-05-14T11:20:54.123+0000] {wuzzuf_scraper.py:483} INFO -   Page 4/5
[2026-05-14T11:21:09.182+0000] {wuzzuf_scraper.py:264} ERROR - Failed to load page 4: Page.goto: Timeout 15000ms exceeded.
Call log:
navigating to "https://wuzzuf.net/search/jobs/?q=sql%20developer&a%5Bpage%5D=4", waiting until "load"

[2026-05-14T11:21:09.184+0000] {wuzzuf_scraper.py:487} WARNING -   Skipping page 4 — failed to load
[2026-05-14T11:21:09.186+0000] {wuzzuf_scraper.py:483} INFO -   Page 5/5
[2026-05-14T11:21:24.249+0000] {wuzzuf_scraper.py:264} ERROR - Failed to load page 5: Page.goto: Timeout 15000ms exceeded.
Call log:
navigating to "https://wuzzuf.net/search/jobs/?q=sql%20developer&a%5Bpage%5D=5", waiting until "load"

[2026-05-14T11:21:24.249+0000] {wuzzuf_scraper.py:487} WARNING -   Skipping page 5 — failed to load
[2026-05-14T11:21:24.250+0000] {wuzzuf_scraper.py:515} INFO - Done: 'sql developer' → 15 relevant jobs
[2026-05-14T11:21:24.251+0000] {wuzzuf_scraper.py:642} INFO - 'sql developer': 15 jobs (14 new unique)
[2026-05-14T11:21:24.269+0000] {wuzzuf_scraper.py:572} INFO - Saved wuzzuf_sql_developer.json → updated=15 appended=0 total=17
[2026-05-14T11:21:27.394+0000] {wuzzuf_scraper.py:621} INFO - 
=======================================================
[2026-05-14T11:21:27.395+0000] {wuzzuf_scraper.py:622} INFO - Keyword 10/21: 'python developer'
[2026-05-14T11:21:27.396+0000] {wuzzuf_scraper.py:623} INFO - =======================================================
[2026-05-14T11:21:28.326+0000] {wuzzuf_scraper.py:480} INFO - Scraping: 'python developer' (up to 5 pages)
[2026-05-14T11:21:28.327+0000] {wuzzuf_scraper.py:483} INFO -   Page 1/5
[2026-05-14T11:21:46.477+0000] {wuzzuf_scraper.py:450} INFO -   Found 15 cards on page
[2026-05-14T11:23:11.047+0000] {wuzzuf_scraper.py:510} INFO -   Total so far: 15
[2026-05-14T11:23:13.048+0000] {wuzzuf_scraper.py:483} INFO -   Page 2/5
[2026-05-14T11:23:18.941+0000] {wuzzuf_scraper.py:450} INFO -   Found 15 cards on page
[2026-05-14T11:24:26.674+0000] {wuzzuf_scraper.py:502} WARNING -   Skipped 15 duplicate(s)
[2026-05-14T11:24:26.674+0000] {wuzzuf_scraper.py:506} INFO -   Entire page was duplicates — pagination exhausted
[2026-05-14T11:24:26.675+0000] {wuzzuf_scraper.py:515} INFO - Done: 'python developer' → 15 relevant jobs
[2026-05-14T11:24:26.675+0000] {wuzzuf_scraper.py:642} INFO - 'python developer': 15 jobs (10 new unique)
[2026-05-14T11:24:26.691+0000] {wuzzuf_scraper.py:572} INFO - Saved wuzzuf_python_developer.json → updated=15 appended=0 total=16
[2026-05-14T11:24:29.835+0000] {wuzzuf_scraper.py:621} INFO - 
=======================================================
[2026-05-14T11:24:29.836+0000] {wuzzuf_scraper.py:622} INFO - Keyword 11/21: 'etl developer'
[2026-05-14T11:24:29.837+0000] {wuzzuf_scraper.py:623} INFO - =======================================================
[2026-05-14T11:24:31.138+0000] {wuzzuf_scraper.py:480} INFO - Scraping: 'etl developer' (up to 5 pages)
[2026-05-14T11:24:31.139+0000] {wuzzuf_scraper.py:483} INFO -   Page 1/5
[2026-05-14T11:24:39.435+0000] {wuzzuf_scraper.py:450} INFO -   Found 10 cards on page
[2026-05-14T11:25:21.234+0000] {wuzzuf_scraper.py:510} INFO -   Total so far: 9
[2026-05-14T11:25:23.235+0000] {wuzzuf_scraper.py:483} INFO -   Page 2/5
[2026-05-14T11:25:27.883+0000] {wuzzuf_scraper.py:450} INFO -   Found 10 cards on page
[2026-05-14T11:26:08.014+0000] {wuzzuf_scraper.py:502} WARNING -   Skipped 9 duplicate(s)
[2026-05-14T11:26:08.015+0000] {wuzzuf_scraper.py:506} INFO -   Entire page was duplicates — pagination exhausted
[2026-05-14T11:26:08.016+0000] {wuzzuf_scraper.py:515} INFO - Done: 'etl developer' → 9 relevant jobs
[2026-05-14T11:26:08.017+0000] {wuzzuf_scraper.py:642} INFO - 'etl developer': 9 jobs (2 new unique)
[2026-05-14T11:26:08.036+0000] {wuzzuf_scraper.py:572} INFO - Saved wuzzuf_etl_developer.json → updated=9 appended=0 total=9
[2026-05-14T11:26:11.200+0000] {wuzzuf_scraper.py:621} INFO - 
=======================================================
[2026-05-14T11:26:11.201+0000] {wuzzuf_scraper.py:622} INFO - Keyword 12/21: 'data pipeline'
[2026-05-14T11:26:11.202+0000] {wuzzuf_scraper.py:623} INFO - =======================================================
[2026-05-14T11:26:12.321+0000] {wuzzuf_scraper.py:480} INFO - Scraping: 'data pipeline' (up to 5 pages)
[2026-05-14T11:26:12.322+0000] {wuzzuf_scraper.py:483} INFO -   Page 1/5
[2026-05-14T11:26:20.215+0000] {wuzzuf_scraper.py:450} INFO -   Found 15 cards on page
[2026-05-14T11:27:15.526+0000] {wuzzuf_scraper.py:510} INFO -   Total so far: 12
[2026-05-14T11:27:17.527+0000] {wuzzuf_scraper.py:483} INFO -   Page 2/5
[2026-05-14T11:27:21.921+0000] {wuzzuf_scraper.py:450} INFO -   Found 15 cards on page
[2026-05-14T11:28:14.407+0000] {wuzzuf_scraper.py:502} WARNING -   Skipped 12 duplicate(s)
[2026-05-14T11:28:14.408+0000] {wuzzuf_scraper.py:506} INFO -   Entire page was duplicates — pagination exhausted
[2026-05-14T11:28:14.409+0000] {wuzzuf_scraper.py:515} INFO - Done: 'data pipeline' → 12 relevant jobs
[2026-05-14T11:28:14.409+0000] {wuzzuf_scraper.py:642} INFO - 'data pipeline': 12 jobs (4 new unique)
[2026-05-14T11:28:14.425+0000] {wuzzuf_scraper.py:572} INFO - Saved wuzzuf_data_pipeline.json → updated=12 appended=0 total=13
[2026-05-14T11:28:17.571+0000] {wuzzuf_scraper.py:621} INFO - 
=======================================================
[2026-05-14T11:28:17.572+0000] {wuzzuf_scraper.py:622} INFO - Keyword 13/21: 'big data engineer'
[2026-05-14T11:28:17.574+0000] {wuzzuf_scraper.py:623} INFO - =======================================================
[2026-05-14T11:28:18.813+0000] {wuzzuf_scraper.py:480} INFO - Scraping: 'big data engineer' (up to 5 pages)
[2026-05-14T11:28:18.814+0000] {wuzzuf_scraper.py:483} INFO -   Page 1/5
[2026-05-14T11:28:26.921+0000] {wuzzuf_scraper.py:450} INFO -   Found 6 cards on page
[2026-05-14T11:28:51.636+0000] {wuzzuf_scraper.py:510} INFO -   Total so far: 5
[2026-05-14T11:28:53.637+0000] {wuzzuf_scraper.py:483} INFO -   Page 2/5
[2026-05-14T11:28:58.986+0000] {wuzzuf_scraper.py:450} INFO -   Found 6 cards on page
[2026-05-14T11:29:23.489+0000] {wuzzuf_scraper.py:502} WARNING -   Skipped 5 duplicate(s)
[2026-05-14T11:29:23.490+0000] {wuzzuf_scraper.py:506} INFO -   Entire page was duplicates — pagination exhausted
[2026-05-14T11:29:23.491+0000] {wuzzuf_scraper.py:515} INFO - Done: 'big data engineer' → 5 relevant jobs
[2026-05-14T11:29:23.491+0000] {wuzzuf_scraper.py:642} INFO - 'big data engineer': 5 jobs (1 new unique)
[2026-05-14T11:29:23.508+0000] {wuzzuf_scraper.py:572} INFO - Saved wuzzuf_big_data_engineer.json → updated=5 appended=0 total=5
[2026-05-14T11:29:26.681+0000] {wuzzuf_scraper.py:621} INFO - 
=======================================================
[2026-05-14T11:29:26.683+0000] {wuzzuf_scraper.py:622} INFO - Keyword 14/21: 'data warehouse engineer'
[2026-05-14T11:29:26.685+0000] {wuzzuf_scraper.py:623} INFO - =======================================================
[2026-05-14T11:29:27.383+0000] {wuzzuf_scraper.py:480} INFO - Scraping: 'data warehouse engineer' (up to 5 pages)
[2026-05-14T11:29:27.384+0000] {wuzzuf_scraper.py:483} INFO -   Page 1/5
[2026-05-14T11:29:36.220+0000] {wuzzuf_scraper.py:450} INFO -   Found 15 cards on page
[2026-05-14T11:30:29.889+0000] {wuzzuf_scraper.py:510} INFO -   Total so far: 11
[2026-05-14T11:30:31.887+0000] {wuzzuf_scraper.py:483} INFO -   Page 2/5
[2026-05-14T11:30:36.857+0000] {wuzzuf_scraper.py:450} INFO -   Found 15 cards on page
[2026-05-14T11:31:25.946+0000] {wuzzuf_scraper.py:502} WARNING -   Skipped 11 duplicate(s)
[2026-05-14T11:31:25.947+0000] {wuzzuf_scraper.py:506} INFO -   Entire page was duplicates — pagination exhausted
[2026-05-14T11:31:25.948+0000] {wuzzuf_scraper.py:515} INFO - Done: 'data warehouse engineer' → 11 relevant jobs
[2026-05-14T11:31:25.949+0000] {wuzzuf_scraper.py:642} INFO - 'data warehouse engineer': 11 jobs (6 new unique)
[2026-05-14T11:31:25.970+0000] {wuzzuf_scraper.py:572} INFO - Saved wuzzuf_data_warehouse_engineer.json → updated=11 appended=0 total=14
[2026-05-14T11:31:29.141+0000] {wuzzuf_scraper.py:621} INFO - 
=======================================================
[2026-05-14T11:31:29.142+0000] {wuzzuf_scraper.py:622} INFO - Keyword 15/21: 'cloud data engineer'
[2026-05-14T11:31:29.143+0000] {wuzzuf_scraper.py:623} INFO - =======================================================
[2026-05-14T11:31:29.672+0000] {wuzzuf_scraper.py:480} INFO - Scraping: 'cloud data engineer' (up to 5 pages)
[2026-05-14T11:31:29.673+0000] {wuzzuf_scraper.py:483} INFO -   Page 1/5
[2026-05-14T11:31:41.005+0000] {wuzzuf_scraper.py:450} INFO -   Found 14 cards on page
[2026-05-14T11:32:48.375+0000] {wuzzuf_scraper.py:510} INFO -   Total so far: 14
[2026-05-14T11:32:50.376+0000] {wuzzuf_scraper.py:483} INFO -   Page 2/5
[2026-05-14T11:32:55.421+0000] {wuzzuf_scraper.py:450} INFO -   Found 14 cards on page
[2026-05-14T11:34:02.020+0000] {wuzzuf_scraper.py:502} WARNING -   Skipped 14 duplicate(s)
[2026-05-14T11:34:02.021+0000] {wuzzuf_scraper.py:506} INFO -   Entire page was duplicates — pagination exhausted
[2026-05-14T11:34:02.021+0000] {wuzzuf_scraper.py:515} INFO - Done: 'cloud data engineer' → 14 relevant jobs
[2026-05-14T11:34:02.022+0000] {wuzzuf_scraper.py:642} INFO - 'cloud data engineer': 14 jobs (11 new unique)
[2026-05-14T11:34:02.040+0000] {wuzzuf_scraper.py:572} INFO - Saved wuzzuf_cloud_data_engineer.json → updated=14 appended=0 total=17
[2026-05-14T11:34:05.206+0000] {wuzzuf_scraper.py:621} INFO - 
=======================================================
[2026-05-14T11:34:05.206+0000] {wuzzuf_scraper.py:622} INFO - Keyword 16/21: 'snowflake developer'
[2026-05-14T11:34:05.207+0000] {wuzzuf_scraper.py:623} INFO - =======================================================
[2026-05-14T11:34:06.405+0000] {wuzzuf_scraper.py:480} INFO - Scraping: 'snowflake developer' (up to 5 pages)
[2026-05-14T11:34:06.407+0000] {wuzzuf_scraper.py:483} INFO -   Page 1/5
[2026-05-14T11:34:12.835+0000] {wuzzuf_scraper.py:450} INFO -   Found 3 cards on page
[2026-05-14T11:34:29.667+0000] {wuzzuf_scraper.py:510} INFO -   Total so far: 3
[2026-05-14T11:34:31.665+0000] {wuzzuf_scraper.py:483} INFO -   Page 2/5
[2026-05-14T11:34:35.558+0000] {wuzzuf_scraper.py:450} INFO -   Found 3 cards on page
[2026-05-14T11:34:47.843+0000] {wuzzuf_scraper.py:502} WARNING -   Skipped 3 duplicate(s)
[2026-05-14T11:34:47.844+0000] {wuzzuf_scraper.py:506} INFO -   Entire page was duplicates — pagination exhausted
[2026-05-14T11:34:47.844+0000] {wuzzuf_scraper.py:515} INFO - Done: 'snowflake developer' → 3 relevant jobs
[2026-05-14T11:34:47.845+0000] {wuzzuf_scraper.py:642} INFO - 'snowflake developer': 3 jobs (0 new unique)
[2026-05-14T11:34:47.868+0000] {wuzzuf_scraper.py:572} INFO - Saved wuzzuf_snowflake_developer.json → updated=3 appended=0 total=3
[2026-05-14T11:34:51.057+0000] {wuzzuf_scraper.py:621} INFO - 
=======================================================
[2026-05-14T11:34:51.058+0000] {wuzzuf_scraper.py:622} INFO - Keyword 17/21: 'machine learning engineer'
[2026-05-14T11:34:51.058+0000] {wuzzuf_scraper.py:623} INFO - =======================================================
[2026-05-14T11:34:51.665+0000] {wuzzuf_scraper.py:480} INFO - Scraping: 'machine learning engineer' (up to 5 pages)
[2026-05-14T11:34:51.668+0000] {wuzzuf_scraper.py:483} INFO -   Page 1/5
[2026-05-14T11:35:04.078+0000] {wuzzuf_scraper.py:450} INFO -   Found 15 cards on page
[2026-05-14T11:36:18.318+0000] {wuzzuf_scraper.py:510} INFO -   Total so far: 15
[2026-05-14T11:36:20.319+0000] {wuzzuf_scraper.py:483} INFO -   Page 2/5
[2026-05-14T11:36:25.153+0000] {wuzzuf_scraper.py:450} INFO -   Found 15 cards on page
[2026-05-14T11:37:41.941+0000] {wuzzuf_scraper.py:502} WARNING -   Skipped 15 duplicate(s)
[2026-05-14T11:37:41.942+0000] {wuzzuf_scraper.py:506} INFO -   Entire page was duplicates — pagination exhausted
[2026-05-14T11:37:41.942+0000] {wuzzuf_scraper.py:515} INFO - Done: 'machine learning engineer' → 15 relevant jobs
[2026-05-14T11:37:41.943+0000] {wuzzuf_scraper.py:642} INFO - 'machine learning engineer': 15 jobs (8 new unique)
[2026-05-14T11:37:41.959+0000] {wuzzuf_scraper.py:572} INFO - Saved wuzzuf_machine_learning_engineer.json → updated=15 appended=0 total=16
[2026-05-14T11:37:45.129+0000] {wuzzuf_scraper.py:621} INFO - 
=======================================================
[2026-05-14T11:37:45.130+0000] {wuzzuf_scraper.py:622} INFO - Keyword 18/21: 'ai engineer'
[2026-05-14T11:37:45.131+0000] {wuzzuf_scraper.py:623} INFO - =======================================================
[2026-05-14T11:37:46.278+0000] {wuzzuf_scraper.py:480} INFO - Scraping: 'ai engineer' (up to 5 pages)
[2026-05-14T11:37:46.279+0000] {wuzzuf_scraper.py:483} INFO -   Page 1/5
[2026-05-14T11:37:53.439+0000] {wuzzuf_scraper.py:450} INFO -   Found 14 cards on page
[2026-05-14T11:38:57.032+0000] {wuzzuf_scraper.py:510} INFO -   Total so far: 13
[2026-05-14T11:38:59.033+0000] {wuzzuf_scraper.py:483} INFO -   Page 2/5
[2026-05-14T11:39:03.930+0000] {wuzzuf_scraper.py:450} INFO -   Found 14 cards on page
[2026-05-14T11:40:06.653+0000] {wuzzuf_scraper.py:502} WARNING -   Skipped 13 duplicate(s)
[2026-05-14T11:40:06.654+0000] {wuzzuf_scraper.py:506} INFO -   Entire page was duplicates — pagination exhausted
[2026-05-14T11:40:06.654+0000] {wuzzuf_scraper.py:515} INFO - Done: 'ai engineer' → 13 relevant jobs
[2026-05-14T11:40:06.655+0000] {wuzzuf_scraper.py:642} INFO - 'ai engineer': 13 jobs (8 new unique)
[2026-05-14T11:40:06.673+0000] {wuzzuf_scraper.py:572} INFO - Saved wuzzuf_ai_engineer.json → updated=13 appended=0 total=13
[2026-05-14T11:40:09.846+0000] {wuzzuf_scraper.py:621} INFO - 
=======================================================
[2026-05-14T11:40:09.847+0000] {wuzzuf_scraper.py:622} INFO - Keyword 19/21: 'nlp engineer'
[2026-05-14T11:40:09.853+0000] {wuzzuf_scraper.py:623} INFO - =======================================================
[2026-05-14T11:40:10.942+0000] {wuzzuf_scraper.py:480} INFO - Scraping: 'nlp engineer' (up to 5 pages)
[2026-05-14T11:40:10.944+0000] {wuzzuf_scraper.py:483} INFO -   Page 1/5
[2026-05-14T11:40:20.747+0000] {wuzzuf_scraper.py:450} INFO -   Found 9 cards on page
[2026-05-14T11:41:10.837+0000] {wuzzuf_scraper.py:510} INFO -   Total so far: 9
[2026-05-14T11:41:12.840+0000] {wuzzuf_scraper.py:483} INFO -   Page 2/5
[2026-05-14T11:41:18.650+0000] {wuzzuf_scraper.py:450} INFO -   Found 9 cards on page
[2026-05-14T11:42:00.832+0000] {wuzzuf_scraper.py:502} WARNING -   Skipped 9 duplicate(s)
[2026-05-14T11:42:00.832+0000] {wuzzuf_scraper.py:506} INFO -   Entire page was duplicates — pagination exhausted
[2026-05-14T11:42:00.833+0000] {wuzzuf_scraper.py:515} INFO - Done: 'nlp engineer' → 9 relevant jobs
[2026-05-14T11:42:00.833+0000] {wuzzuf_scraper.py:642} INFO - 'nlp engineer': 9 jobs (1 new unique)
[2026-05-14T11:42:00.846+0000] {wuzzuf_scraper.py:572} INFO - Saved wuzzuf_nlp_engineer.json → updated=9 appended=0 total=10
[2026-05-14T11:42:03.988+0000] {wuzzuf_scraper.py:621} INFO - 
=======================================================
[2026-05-14T11:42:03.989+0000] {wuzzuf_scraper.py:622} INFO - Keyword 20/21: 'business analyst'
[2026-05-14T11:42:03.990+0000] {wuzzuf_scraper.py:623} INFO - =======================================================
[2026-05-14T11:42:05.424+0000] {wuzzuf_scraper.py:480} INFO - Scraping: 'business analyst' (up to 5 pages)
[2026-05-14T11:42:05.425+0000] {wuzzuf_scraper.py:483} INFO -   Page 1/5
[2026-05-14T11:42:14.728+0000] {wuzzuf_scraper.py:450} INFO -   Found 14 cards on page
[2026-05-14T11:43:18.537+0000] {wuzzuf_scraper.py:510} INFO -   Total so far: 14
[2026-05-14T11:43:20.539+0000] {wuzzuf_scraper.py:483} INFO -   Page 2/5
[2026-05-14T11:43:24.985+0000] {wuzzuf_scraper.py:450} INFO -   Found 14 cards on page
[2026-05-14T11:45:14.819+0000] {wuzzuf_scraper.py:502} WARNING -   Skipped 14 duplicate(s)
[2026-05-14T11:45:14.820+0000] {wuzzuf_scraper.py:506} INFO -   Entire page was duplicates — pagination exhausted
[2026-05-14T11:45:14.821+0000] {wuzzuf_scraper.py:515} INFO - Done: 'business analyst' → 14 relevant jobs
[2026-05-14T11:45:14.822+0000] {wuzzuf_scraper.py:642} INFO - 'business analyst': 14 jobs (10 new unique)
[2026-05-14T11:45:14.858+0000] {wuzzuf_scraper.py:572} INFO - Saved wuzzuf_business_analyst.json → updated=14 appended=0 total=16
[2026-05-14T11:45:18.073+0000] {wuzzuf_scraper.py:621} INFO - 
=======================================================
[2026-05-14T11:45:18.074+0000] {wuzzuf_scraper.py:622} INFO - Keyword 21/21: 'product analyst'
[2026-05-14T11:45:18.075+0000] {wuzzuf_scraper.py:623} INFO - =======================================================
[2026-05-14T11:45:19.860+0000] {wuzzuf_scraper.py:480} INFO - Scraping: 'product analyst' (up to 5 pages)
[2026-05-14T11:45:19.861+0000] {wuzzuf_scraper.py:483} INFO -   Page 1/5
[2026-05-14T11:45:32.872+0000] {wuzzuf_scraper.py:450} INFO -   Found 15 cards on page
[2026-05-14T11:47:20.155+0000] {wuzzuf_scraper.py:510} INFO -   Total so far: 15
[2026-05-14T11:47:22.156+0000] {wuzzuf_scraper.py:483} INFO -   Page 2/5
[2026-05-14T11:47:29.154+0000] {wuzzuf_scraper.py:450} INFO -   Found 15 cards on page
[2026-05-14T11:49:21.938+0000] {wuzzuf_scraper.py:502} WARNING -   Skipped 15 duplicate(s)
[2026-05-14T11:49:21.939+0000] {wuzzuf_scraper.py:506} INFO -   Entire page was duplicates — pagination exhausted
[2026-05-14T11:49:21.941+0000] {wuzzuf_scraper.py:515} INFO - Done: 'product analyst' → 15 relevant jobs
[2026-05-14T11:49:21.949+0000] {wuzzuf_scraper.py:642} INFO - 'product analyst': 15 jobs (3 new unique)
[2026-05-14T11:49:21.997+0000] {wuzzuf_scraper.py:572} INFO - Saved wuzzuf_product_analyst.json → updated=15 appended=0 total=20
[2026-05-14T11:49:22.405+0000] {wuzzuf_scraper.py:686} INFO - 
=======================================================
[2026-05-14T11:49:22.407+0000] {wuzzuf_scraper.py:687} INFO - SCRAPING COMPLETE
[2026-05-14T11:49:22.408+0000] {wuzzuf_scraper.py:688} INFO - Total unique relevant jobs: 152
[2026-05-14T11:49:22.409+0000] {wuzzuf_scraper.py:689} INFO - Combined file: /opt/***/project/data/raw/wuzzuf_combined.json
[2026-05-14T11:49:22.410+0000] {wuzzuf_scraper.py:690} INFO - =======================================================
[2026-05-14T11:49:22.440+0000] {logging_mixin.py:188} INFO - ✔ Scraped 152 relevant jobs
[2026-05-14T11:49:22.453+0000] {python.py:237} INFO - Done. Returned value was: 152
[2026-05-14T11:49:22.454+0000] {taskinstance.py:441} INFO - ::group::Post task execution logs
[2026-05-14T11:49:22.500+0000] {taskinstance.py:1206} INFO - Marking task as SUCCESS. dag_id=egypt_jobs_pipeline, task_id=scrape_wuzzuf, run_id=manual__2026-05-14T10:49:05.963193+00:00, execution_date=20260514T104905, start_date=20260514T104909, end_date=20260514T114922
[2026-05-14T11:49:22.606+0000] {local_task_job_runner.py:240} INFO - Task exited with return code 0
[2026-05-14T11:49:22.859+0000] {taskinstance.py:3498} INFO - 1 downstream tasks scheduled from follow-on schedule check
[2026-05-14T11:49:22.864+0000] {local_task_job_runner.py:222} INFO - ::endgroup::
