[2026-05-14T12:24:41.469+0000] {local_task_job_runner.py:120} INFO - ::group::Pre task execution logs
[2026-05-14T12:24:41.503+0000] {taskinstance.py:2076} INFO - Dependencies all met for dep_context=non-requeueable deps ti=<TaskInstance: egypt_jobs_pipeline.run_dbt manual__2026-05-14T10:24:15.138833+00:00 [queued]>
[2026-05-14T12:24:41.511+0000] {taskinstance.py:2076} INFO - Dependencies all met for dep_context=requeueable deps ti=<TaskInstance: egypt_jobs_pipeline.run_dbt manual__2026-05-14T10:24:15.138833+00:00 [queued]>
[2026-05-14T12:24:41.513+0000] {taskinstance.py:2306} INFO - Starting attempt 1 of 3
[2026-05-14T12:24:41.526+0000] {taskinstance.py:2330} INFO - Executing <Task(PythonOperator): run_dbt> on 2026-05-14 10:24:15.138833+00:00
[2026-05-14T12:24:41.531+0000] {standard_task_runner.py:63} INFO - Started process 218 to run task
[2026-05-14T12:24:41.534+0000] {standard_task_runner.py:90} INFO - Running: ['***', 'tasks', 'run', 'egypt_jobs_pipeline', 'run_dbt', 'manual__2026-05-14T10:24:15.138833+00:00', '--job-id', '25', '--raw', '--subdir', 'DAGS_FOLDER/egypt_jobs_pipeline.py', '--cfg-path', '/tmp/tmp2l274m5o']
[2026-05-14T12:24:41.537+0000] {standard_task_runner.py:91} INFO - Job 25: Subtask run_dbt
[2026-05-14T12:24:41.589+0000] {task_command.py:426} INFO - Running <TaskInstance: egypt_jobs_pipeline.run_dbt manual__2026-05-14T10:24:15.138833+00:00 [running]> on host f6632be07a8e
[2026-05-14T12:24:41.672+0000] {taskinstance.py:2648} INFO - Exporting env vars: AIRFLOW_CTX_DAG_OWNER='sama' AIRFLOW_CTX_DAG_ID='egypt_jobs_pipeline' AIRFLOW_CTX_TASK_ID='run_dbt' AIRFLOW_CTX_EXECUTION_DATE='2026-05-14T10:24:15.138833+00:00' AIRFLOW_CTX_TRY_NUMBER='1' AIRFLOW_CTX_DAG_RUN_ID='manual__2026-05-14T10:24:15.138833+00:00'
[2026-05-14T12:24:41.673+0000] {taskinstance.py:430} INFO - ::endgroup::
[2026-05-14T12:24:41.685+0000] {logging_mixin.py:188} INFO - Running dbt models...
[2026-05-14T12:24:54.349+0000] {logging_mixin.py:188} INFO - 12:24:45  Running with dbt=1.8.0
12:24:47  Registered adapter: snowflake=1.8.0
12:24:48  Unable to do partial parsing because of a version mismatch
12:24:52  [WARNING]: Deprecated functionality
The `tests` config has been renamed to `data_tests`. Please see
https://docs.getdbt.com/docs/build/data-tests#new-data_tests-syntax for more
information.
12:24:53  Encountered an error:
Compilation Error in test accepted_values_dim_job__junior_mid_senior_executive___experience_level (models/marts/schema.yml)
  macro 'dbt_macro__test_accepted_values' takes no keyword argument 'arguments'
[2026-05-14T12:24:54.350+0000] {taskinstance.py:441} INFO - ::group::Post task execution logs
[2026-05-14T12:24:54.351+0000] {taskinstance.py:2905} ERROR - Task failed with exception
Traceback (most recent call last):
  File "/home/airflow/.local/lib/python3.11/site-packages/airflow/models/taskinstance.py", line 465, in _execute_task
    result = _execute_callable(context=context, **execute_callable_kwargs)
             ^^^^^^^^^^^^^^^^^^^^^^^^^^^^^^^^^^^^^^^^^^^^^^^^^^^^^^^^^^^^^
  File "/home/airflow/.local/lib/python3.11/site-packages/airflow/models/taskinstance.py", line 432, in _execute_callable
    return execute_callable(context=context, **execute_callable_kwargs)
           ^^^^^^^^^^^^^^^^^^^^^^^^^^^^^^^^^^^^^^^^^^^^^^^^^^^^^^^^^^^^
  File "/home/airflow/.local/lib/python3.11/site-packages/airflow/models/baseoperator.py", line 400, in wrapper
    return func(self, *args, **kwargs)
           ^^^^^^^^^^^^^^^^^^^^^^^^^^^
  File "/home/airflow/.local/lib/python3.11/site-packages/airflow/operators/python.py", line 235, in execute
    return_value = self.execute_callable()
                   ^^^^^^^^^^^^^^^^^^^^^^^
  File "/home/airflow/.local/lib/python3.11/site-packages/airflow/operators/python.py", line 252, in execute_callable
    return self.python_callable(*self.op_args, **self.op_kwargs)
           ^^^^^^^^^^^^^^^^^^^^^^^^^^^^^^^^^^^^^^^^^^^^^^^^^^^^^
  File "/opt/airflow/dags/egypt_jobs_pipeline.py", line 123, in dbt_task
    raise RuntimeError(f"dbt run failed:\n{result.stderr}")
RuntimeError: dbt run failed:

[2026-05-14T12:24:54.370+0000] {taskinstance.py:1206} INFO - Marking task as UP_FOR_RETRY. dag_id=egypt_jobs_pipeline, task_id=run_dbt, run_id=manual__2026-05-14T10:24:15.138833+00:00, execution_date=20260514T102415, start_date=20260514T122441, end_date=20260514T122454
[2026-05-14T12:24:54.390+0000] {standard_task_runner.py:110} ERROR - Failed to execute job 25 for task run_dbt (dbt run failed:
; 218)
[2026-05-14T12:24:54.431+0000] {local_task_job_runner.py:240} INFO - Task exited with return code 1
[2026-05-14T12:24:54.456+0000] {taskinstance.py:3498} INFO - 0 downstream tasks scheduled from follow-on schedule check
[2026-05-14T12:24:54.460+0000] {local_task_job_runner.py:222} INFO - ::endgroup::
